<?xml version="1.0" encoding="UTF-8"?>
<testng-results skipped="0" failed="1" ignored="0" total="2" passed="1">
  <reporter-output>
  </reporter-output>
  <suite name="Default suite" duration-ms="1014" started-at="2020-01-29T18:04:34Z" finished-at="2020-01-29T18:04:35Z">
    <groups>
    </groups>
    <test name="Default test" duration-ms="1014" started-at="2020-01-29T18:04:34Z" finished-at="2020-01-29T18:04:35Z">
      <class name="MavenDEMO.GmailAutomate.extent_report1">
        <test-method status="PASS" signature="startReport()[pri:0, instance:MavenDEMO.GmailAutomate.extent_report1@6adede5]" name="startReport" is-config="true" duration-ms="396" started-at="2020-01-29T10:04:34Z" finished-at="2020-01-29T10:04:34Z">
          <reporter-output>
          </reporter-output>
        </test-method> <!-- startReport -->
        <test-method status="PASS" signature="demoReportPass()[pri:0, instance:MavenDEMO.GmailAutomate.extent_report1@6adede5]" name="demoReportPass" duration-ms="18" started-at="2020-01-29T10:04:34Z" finished-at="2020-01-29T10:04:34Z">
          <reporter-output>
          </reporter-output>
        </test-method> <!-- demoReportPass -->
        <test-method status="PASS" signature="getResult(org.testng.ITestResult)[pri:0, instance:MavenDEMO.GmailAutomate.extent_report1@6adede5]" name="getResult" is-config="true" duration-ms="4" started-at="2020-01-29T10:04:34Z" finished-at="2020-01-29T10:04:35Z">
          <params>
            <param index="0">
              <value>
                <![CDATA[[TestResult name=demoReportPass status=SUCCESS method=extent_report1.demoReportPass()[pri:0, instance:MavenDEMO.GmailAutomate.extent_report1@6adede5] output={null}]]]>
              </value>
            </param>
          </params>
          <reporter-output>
          </reporter-output>
        </test-method> <!-- getResult -->
        <test-method status="FAIL" signature="demoReportfail()[pri:0, instance:MavenDEMO.GmailAutomate.extent_report1@6adede5]" name="demoReportfail" duration-ms="3" started-at="2020-01-29T10:04:35Z" finished-at="2020-01-29T10:04:35Z">
          <exception class="java.lang.AssertionError">
            <message>
              <![CDATA[expected [true] but found [false]]]>
            </message>
            <full-stacktrace>
              <![CDATA[java.lang.AssertionError: expected [true] but found [false]
	at org.testng.Assert.fail(Assert.java:94)
	at org.testng.Assert.failNotEquals(Assert.java:513)
	at org.testng.Assert.assertTrue(Assert.java:42)
	at org.testng.Assert.assertTrue(Assert.java:52)
	at MavenDEMO.GmailAutomate.extent_report1.demoReportfail(extent_report1.java:40)
	at sun.reflect.NativeMethodAccessorImpl.invoke0(Native Method)
	at sun.reflect.NativeMethodAccessorImpl.invoke(Unknown Source)
	at sun.reflect.DelegatingMethodAccessorImpl.invoke(Unknown Source)
	at java.lang.reflect.Method.invoke(Unknown Source)
	at org.testng.internal.MethodInvocationHelper.invokeMethod(MethodInvocationHelper.java:104)
	at org.testng.internal.Invoker.invokeMethod(Invoker.java:645)
	at org.testng.internal.Invoker.invokeTestMethod(Invoker.java:851)
	at org.testng.internal.Invoker.invokeTestMethods(Invoker.java:1177)
	at org.testng.internal.TestMethodWorker.invokeTestMethods(TestMethodWorker.java:129)
	at org.testng.internal.TestMethodWorker.run(TestMethodWorker.java:112)
	at org.testng.TestRunner.privateRun(TestRunner.java:756)
	at org.testng.TestRunner.run(TestRunner.java:610)
	at org.testng.SuiteRunner.runTest(SuiteRunner.java:387)
	at org.testng.SuiteRunner.runSequentially(SuiteRunner.java:382)
	at org.testng.SuiteRunner.privateRun(SuiteRunner.java:340)
	at org.testng.SuiteRunner.run(SuiteRunner.java:289)
	at org.testng.SuiteRunnerWorker.runSuite(SuiteRunnerWorker.java:52)
	at org.testng.SuiteRunnerWorker.run(SuiteRunnerWorker.java:86)
	at org.testng.TestNG.runSuitesSequentially(TestNG.java:1293)
	at org.testng.TestNG.runSuitesLocally(TestNG.java:1218)
	at org.testng.TestNG.runSuites(TestNG.java:1133)
	at org.testng.TestNG.run(TestNG.java:1104)
	at org.testng.remote.AbstractRemoteTestNG.run(AbstractRemoteTestNG.java:132)
	at org.testng.remote.RemoteTestNG.initAndRun(RemoteTestNG.java:236)
	at org.testng.remote.RemoteTestNG.main(RemoteTestNG.java:81)
]]>
            </full-stacktrace>
          </exception> <!-- java.lang.AssertionError -->
          <reporter-output>
          </reporter-output>
        </test-method> <!-- demoReportfail -->
        <test-method status="PASS" signature="getResult(org.testng.ITestResult)[pri:0, instance:MavenDEMO.GmailAutomate.extent_report1@6adede5]" name="getResult" is-config="true" duration-ms="4" started-at="2020-01-29T10:04:35Z" finished-at="2020-01-29T10:04:35Z">
          <params>
            <param index="0">
              <value>
                <![CDATA[[TestResult name=demoReportfail status=FAILURE method=extent_report1.demoReportfail()[pri:0, instance:MavenDEMO.GmailAutomate.extent_report1@6adede5] output={null}]]]>
              </value>
            </param>
          </params>
          <reporter-output>
          </reporter-output>
        </test-method> <!-- getResult -->
        <test-method status="PASS" signature="endReport()[pri:0, instance:MavenDEMO.GmailAutomate.extent_report1@6adede5]" name="endReport" is-config="true" duration-ms="558" started-at="2020-01-29T10:04:35Z" finished-at="2020-01-29T10:04:35Z">
          <reporter-output>
          </reporter-output>
        </test-method> <!-- endReport -->
      </class> <!-- MavenDEMO.GmailAutomate.extent_report1 -->
    </test> <!-- Default test -->
  </suite> <!-- Default suite -->
</testng-results>
